2019-10-06 19:20:34,989 - app - WARNING - A warning message is sent.
2019-10-06 19:20:34,989 - app - ERROR - An error message is sent.
2019-10-06 19:20:34,990 - app - INFO - Information: 3 + 2 = 5
2019-10-06 19:20:35,816 - app - WARNING - A warning message is sent.
2019-10-06 19:20:35,816 - app - ERROR - An error message is sent.
2019-10-06 19:20:35,817 - app - INFO - Information: 3 + 2 = 5
2019-10-06 19:20:36,006 - app - WARNING - A warning message is sent.
2019-10-06 19:20:36,007 - app - ERROR - An error message is sent.
2019-10-06 19:20:36,008 - app - INFO - Information: 3 + 2 = 5
2019-10-06 19:20:36,185 - app - WARNING - A warning message is sent.
2019-10-06 19:20:36,185 - app - ERROR - An error message is sent.
2019-10-06 19:20:36,187 - app - INFO - Information: 3 + 2 = 5
2019-10-06 19:20:36,351 - app - WARNING - A warning message is sent.
2019-10-06 19:20:36,352 - app - ERROR - An error message is sent.
2019-10-06 19:20:36,352 - app - INFO - Information: 3 + 2 = 5
2019-10-06 19:20:36,522 - app - WARNING - A warning message is sent.
2019-10-06 19:20:36,522 - app - ERROR - An error message is sent.
2019-10-06 19:20:36,524 - app - INFO - Information: 3 + 2 = 5
2019-10-06 19:20:36,685 - app - WARNING - A warning message is sent.
2019-10-06 19:20:36,685 - app - ERROR - An error message is sent.
2019-10-06 19:20:36,686 - app - INFO - Information: 3 + 2 = 5
2019-10-06 19:20:36,858 - app - WARNING - A warning message is sent.
2019-10-06 19:20:36,859 - app - ERROR - An error message is sent.
2019-10-06 19:20:36,861 - app - INFO - Information: 3 + 2 = 5
2019-10-06 19:21:46,826 - app - ERROR - Page not found: /jj
2019-10-06 19:22:52,574 - app - ERROR - Page not found: /jj
2019-10-06 19:24:29,139 - app - ERROR - Page not found: /hh
2019-10-06 19:25:21,452 - app - ERROR - Page not found: /hh
2019-10-06 19:25:26,914 - app - ERROR - Page not found: /hh
2019-10-06 19:25:30,563 - app - ERROR - Page not found: /
2019-10-06 19:25:37,447 - app - ERROR - Page not found: /books/
2019-10-06 19:25:42,387 - app - ERROR - Page not found: /books/
2019-10-06 19:25:48,620 - app - ERROR - Page not found: /books/
2019-10-06 19:26:42,375 - app - ERROR - Unhandled Exception: 404 Not Found: The requested URL was not found on the server. If you entered the URL manually please check your spelling and try again.
2019-10-06 20:15:54,754 - app - ERROR - Page not found: /static/css/bootstrap.min.css
2019-10-06 20:15:54,922 - app - ERROR - Page not found: /static/js/bootstrap.min.js
2019-10-06 20:16:05,904 - app - ERROR - Page not found: /static/css/bootstrap.min.css
2019-10-06 20:16:05,933 - app - ERROR - Page not found: /static/js/bootstrap.min.js
2019-10-06 20:16:06,091 - app - ERROR - Page not found: /static/js/bootstrap.min.js
2019-10-06 20:16:34,367 - app - ERROR - Page not found: /static/css/bootstrap.min.css
2019-10-06 20:16:34,373 - app - ERROR - Page not found: /static/js/bootstrap.min.js
2019-10-06 20:16:34,563 - app - ERROR - Page not found: /static/js/bootstrap.min.js
2019-10-06 20:18:09,402 - app - ERROR - Page not found: /
2019-10-06 20:18:13,179 - app - ERROR - Page not found: /
2019-10-06 20:18:22,016 - app - ERROR - Page not found: /
2019-10-06 20:18:22,461 - app - ERROR - Page not found: /favicon.ico
2019-10-06 20:18:27,080 - app - ERROR - Page not found: /
2019-10-06 20:18:31,985 - app - ERROR - Page not found: /static/css/bootstrap.min.css
2019-10-06 20:18:31,995 - app - ERROR - Page not found: /static/js/bootstrap.min.js
2019-10-06 20:18:32,132 - app - ERROR - Page not found: /static/js/bootstrap.min.js
2019-10-06 20:18:59,509 - app - ERROR - Page not found: /static/css/bootstrap.min.css
2019-10-06 20:18:59,521 - app - ERROR - Page not found: /static/js/bootstrap.min.js
2019-10-06 20:18:59,684 - app - ERROR - Page not found: /static/js/bootstrap.min.js
2019-10-06 20:19:00,241 - app - ERROR - Page not found: /static/css/bootstrap.min.css
2019-10-06 20:19:00,250 - app - ERROR - Page not found: /static/js/bootstrap.min.js
2019-10-06 20:19:00,395 - app - ERROR - Page not found: /static/js/bootstrap.min.js
2019-10-06 20:19:00,454 - app - ERROR - Page not found: /static/css/bootstrap.min.css
2019-10-06 20:19:00,471 - app - ERROR - Page not found: /static/js/bootstrap.min.js
2019-10-06 20:19:00,572 - app - ERROR - Page not found: /static/js/bootstrap.min.js
2019-10-06 20:19:00,614 - app - ERROR - Page not found: /static/css/bootstrap.min.css
2019-10-06 20:19:00,615 - app - ERROR - Page not found: /static/js/bootstrap.min.js
2019-10-06 20:19:00,720 - app - ERROR - Page not found: /static/js/bootstrap.min.js
2019-10-06 20:19:01,969 - app - ERROR - Page not found: /static/css/bootstrap.min.css
2019-10-06 20:19:01,995 - app - ERROR - Page not found: /static/js/bootstrap.min.js
2019-10-06 20:19:02,132 - app - ERROR - Page not found: /static/js/bootstrap.min.js
2019-10-06 20:19:02,792 - app - ERROR - Page not found: /static/css/bootstrap.min.css
2019-10-06 20:19:02,819 - app - ERROR - Page not found: /static/js/bootstrap.min.js
2019-10-06 20:19:02,951 - app - ERROR - Page not found: /static/js/bootstrap.min.js
2019-10-06 20:19:03,590 - app - ERROR - Page not found: /static/css/bootstrap.min.css
2019-10-06 20:19:03,617 - app - ERROR - Page not found: /static/js/bootstrap.min.js
2019-10-06 20:19:03,734 - app - ERROR - Page not found: /static/js/bootstrap.min.js
2019-10-06 20:19:22,115 - app - ERROR - Page not found: /static/js/bootstrap.min.js
2019-10-06 20:19:32,871 - app - ERROR - Page not found: /
2019-10-06 20:19:33,188 - app - ERROR - Page not found: /favicon.ico
2019-10-06 20:19:33,607 - app - ERROR - Page not found: /
2019-10-06 20:19:33,832 - app - ERROR - Page not found: /favicon.ico
2019-10-06 20:19:33,981 - app - ERROR - Page not found: /
2019-10-06 20:19:34,199 - app - ERROR - Page not found: /
2019-10-06 20:19:34,352 - app - ERROR - Page not found: /favicon.ico
2019-10-06 20:19:39,646 - app - ERROR - Page not found: /static/js/bootstrap.min.js
2019-10-06 20:19:39,778 - app - ERROR - Page not found: /static/js/bootstrap.min.js
2019-10-06 20:19:42,053 - app - ERROR - Page not found: /static/js/bootstrap.min.js
2019-10-06 20:19:42,188 - app - ERROR - Page not found: /static/js/bootstrap.min.js
2019-10-06 20:19:42,215 - app - ERROR - Page not found: /favicon.ico
2019-10-06 20:19:42,413 - app - ERROR - Page not found: /static/js/bootstrap.min.js
2019-10-06 20:19:42,593 - app - ERROR - Page not found: /static/js/bootstrap.min.js
2019-10-06 20:19:42,623 - app - ERROR - Page not found: /favicon.ico
2019-10-06 20:19:44,494 - app - ERROR - Page not found: /static/js/bootstrap.min.js
2019-10-06 20:19:44,595 - app - ERROR - Page not found: /static/js/bootstrap.min.js
2019-10-06 20:19:44,618 - app - ERROR - Page not found: /favicon.ico
2019-10-06 20:20:12,943 - app - ERROR - Page not found: /static/js/bootstrap.min.js
2019-10-06 20:20:14,194 - app - ERROR - Page not found: /static/js/bootstrap.min.js
2019-10-06 20:20:16,593 - app - ERROR - Page not found: /static/js/bootstrap.min.js
2019-10-06 20:20:47,947 - app - ERROR - Page not found: /static/js/bootstrap.min.js
2019-10-06 20:20:52,483 - app - ERROR - Page not found: /favicon.ico
2019-10-06 20:23:52,611 - app - ERROR - Page not found: /favicon.ico
2019-10-06 20:23:53,244 - app - ERROR - Page not found: /favicon.ico
2019-10-06 20:23:53,799 - app - ERROR - Page not found: /favicon.ico
2019-10-06 20:23:54,279 - app - ERROR - Page not found: /favicon.ico
2019-10-06 20:23:54,740 - app - ERROR - Page not found: /favicon.ico
2019-10-06 20:24:19,973 - app - ERROR - Page not found: /favicon.ico
2019-10-06 20:24:20,523 - app - ERROR - Page not found: /favicon.ico
2019-10-06 20:24:21,115 - app - ERROR - Page not found: /favicon.ico
2019-10-06 20:24:21,282 - app - ERROR - Page not found: /favicon.ico
2019-10-06 20:37:44,279 - app - ERROR - Page not found: /favicon.ico
2019-10-06 20:37:44,550 - app - ERROR - Page not found: /favicon.ico
2019-10-06 20:37:44,743 - app - ERROR - Page not found: /favicon.ico
2019-10-06 20:37:45,143 - app - ERROR - Page not found: /favicon.ico
2019-10-06 20:37:45,840 - app - ERROR - Page not found: /favicon.ico
2019-10-06 20:37:46,440 - app - ERROR - Page not found: /favicon.ico
2019-10-06 20:37:46,698 - app - ERROR - Page not found: /favicon.ico
2019-10-06 20:37:46,853 - app - ERROR - Page not found: /favicon.ico
2019-10-06 20:37:47,091 - app - ERROR - Page not found: /favicon.ico
2019-10-06 20:37:47,504 - app - ERROR - Page not found: /favicon.ico
2019-10-06 20:37:47,842 - app - ERROR - Page not found: /favicon.ico
2019-10-06 20:37:48,228 - app - ERROR - Page not found: /favicon.ico
2019-10-06 20:39:46,094 - app - ERROR - Page not found: /favicon.ico
2019-10-06 20:39:46,319 - app - ERROR - Page not found: /favicon.ico
2019-10-06 20:39:47,895 - app - ERROR - Page not found: /favicon.ico
2019-10-06 20:42:10,927 - app - ERROR - Page not found: /favicon.ico
2019-10-06 20:42:11,940 - app - ERROR - Page not found: /favicon.ico
2019-10-06 20:43:04,366 - app - ERROR - Page not found: /
2019-10-06 20:43:12,410 - app - ERROR - Page not found: /favicon.ico
2019-10-06 20:43:12,929 - app - ERROR - Page not found: /favicon.ico
2019-10-06 20:43:13,264 - app - ERROR - Page not found: /favicon.ico
2019-10-06 20:49:15,290 - app - ERROR - Page not found: /favicon.ico
2019-10-06 20:49:15,668 - app - ERROR - Page not found: /favicon.ico
2019-10-06 20:49:16,093 - app - ERROR - Page not found: /favicon.ico
2019-10-06 20:49:16,646 - app - ERROR - Page not found: /favicon.ico
2019-10-06 20:49:17,384 - app - ERROR - Page not found: /favicon.ico
2019-10-06 20:49:47,398 - app - ERROR - Page not found: /favicon.ico
2019-10-06 20:49:54,416 - app - ERROR - Page not found: /favicon.ico
2019-10-06 20:49:55,770 - app - ERROR - Page not found: /favicon.ico
2019-10-06 20:49:57,268 - app - ERROR - Page not found: /favicon.ico
2019-10-06 20:51:10,518 - app - ERROR - Page not found: /favicon.ico
2019-10-06 20:51:11,193 - app - ERROR - Page not found: /favicon.ico
2019-10-06 20:51:17,292 - app - ERROR - Page not found: /favicon.ico
2019-10-06 20:51:59,337 - app - ERROR - Page not found: /favicon.ico
2019-10-06 20:52:00,409 - app - ERROR - Page not found: /favicon.ico
2019-10-06 20:52:01,163 - app - ERROR - Page not found: /favicon.ico
2019-10-06 20:52:02,410 - app - ERROR - Page not found: /favicon.ico
2019-10-06 20:52:27,871 - app - ERROR - Page not found: /book
2019-10-06 20:52:28,329 - app - ERROR - Page not found: /favicon.ico
2019-10-06 20:52:28,536 - app - ERROR - Page not found: /book
2019-10-06 20:52:28,989 - app - ERROR - Page not found: /book
2019-10-06 20:52:29,358 - app - ERROR - Page not found: /favicon.ico
2019-10-06 20:53:10,801 - app - ERROR - Page not found: /favicon.ico
2019-10-06 20:53:12,215 - app - ERROR - Page not found: /favicon.ico
2019-10-06 20:57:06,829 - app - ERROR - Page not found: /favicon.ico
2019-10-06 20:57:08,498 - app - ERROR - Page not found: /favicon.ico
2019-10-06 20:58:44,544 - app - ERROR - Page not found: /favicon.ico
2019-10-06 20:58:45,637 - app - ERROR - Page not found: /favicon.ico
2019-10-06 20:58:46,753 - app - ERROR - Page not found: /favicon.ico
2019-10-06 21:00:52,114 - app - ERROR - Page not found: /favicon.ico
2019-10-06 21:00:53,221 - app - ERROR - Page not found: /favicon.ico
2019-10-06 21:00:54,172 - app - ERROR - Page not found: /favicon.ico
2019-10-06 21:00:55,101 - app - ERROR - Page not found: /favicon.ico
2019-10-06 21:00:56,128 - app - ERROR - Page not found: /favicon.ico
2019-10-06 21:01:17,609 - app - ERROR - Page not found: /favicon.ico
2019-10-06 21:01:18,617 - app - ERROR - Page not found: /favicon.ico
2019-10-06 21:01:19,367 - app - ERROR - Page not found: /favicon.ico
2019-10-06 21:01:32,210 - app - ERROR - Page not found: /favicon.ico
2019-10-06 21:01:33,354 - app - ERROR - Page not found: /favicon.ico
2019-10-06 21:01:34,099 - app - ERROR - Page not found: /favicon.ico
2019-10-06 21:01:36,447 - app - ERROR - Page not found: /favicon.ico
2019-10-06 21:01:37,557 - app - ERROR - Page not found: /favicon.ico
2019-10-06 21:08:17,157 - app - ERROR - Page not found: /favicon.ico
2019-10-06 21:08:18,137 - app - ERROR - Page not found: /favicon.ico
2019-10-06 21:08:18,918 - app - ERROR - Page not found: /favicon.ico
2019-10-06 21:09:09,233 - app - ERROR - Page not found: /favicon.ico
2019-10-06 21:09:09,966 - app - ERROR - Page not found: /favicon.ico
2019-10-06 21:09:10,387 - app - ERROR - Page not found: /favicon.ico
2019-10-06 21:09:10,798 - app - ERROR - Page not found: /favicon.ico
2019-10-06 21:09:53,311 - app - ERROR - Page not found: /favicon.ico
2019-10-06 21:09:53,795 - app - ERROR - Page not found: /favicon.ico
2019-10-06 21:09:54,074 - app - ERROR - Page not found: /favicon.ico
2019-10-06 21:09:55,122 - app - ERROR - Page not found: /favicon.ico
2019-10-06 21:09:58,142 - app - ERROR - Page not found: /favicon.ico
2019-10-06 21:10:26,083 - app - ERROR - Page not found: /favicon.ico
2019-10-06 21:10:34,279 - app - ERROR - Page not found: /favicon.ico
2019-10-06 21:10:35,609 - app - ERROR - Page not found: /favicon.ico
2019-10-06 21:10:36,157 - app - ERROR - Page not found: /favicon.ico
2019-10-06 21:10:52,266 - app - ERROR - Page not found: /favicon.ico
2019-10-06 21:10:52,951 - app - ERROR - Page not found: /favicon.ico
2019-10-06 21:10:53,756 - app - ERROR - Page not found: /favicon.ico
2019-10-06 21:11:11,362 - app - ERROR - Page not found: /favicon.ico
2019-10-06 21:11:11,995 - app - ERROR - Page not found: /favicon.ico
2019-10-06 21:11:12,849 - app - ERROR - Page not found: /favicon.ico
2019-10-06 21:11:14,256 - app - ERROR - Page not found: /favicon.ico
2019-10-06 21:12:27,708 - app - ERROR - Page not found: /favicon.ico
2019-10-06 21:12:28,459 - app - ERROR - Page not found: /favicon.ico
2019-10-06 21:12:37,483 - app - ERROR - Page not found: /favicon.ico
2019-10-06 21:12:38,236 - app - ERROR - Page not found: /favicon.ico
2019-10-06 21:12:39,083 - app - ERROR - Page not found: /favicon.ico
2019-10-06 21:12:39,813 - app - ERROR - Page not found: /favicon.ico
2019-10-06 21:12:40,868 - app - ERROR - Page not found: /favicon.ico
2019-10-06 21:12:41,636 - app - ERROR - Page not found: /favicon.ico
2019-10-06 21:12:42,216 - app - ERROR - Page not found: /favicon.ico
2019-10-06 21:12:42,773 - app - ERROR - Page not found: /favicon.ico
2019-10-06 21:12:43,300 - app - ERROR - Page not found: /favicon.ico
2019-10-06 21:13:08,757 - app - ERROR - Page not found: /favicon.ico
2019-10-06 21:13:09,589 - app - ERROR - Page not found: /favicon.ico
2019-10-06 21:13:10,730 - app - ERROR - Page not found: /favicon.ico
2019-10-06 21:13:11,625 - app - ERROR - Page not found: /favicon.ico
2019-10-06 21:13:53,349 - app - ERROR - Page not found: /favicon.ico
2019-10-06 21:13:53,896 - app - ERROR - Page not found: /favicon.ico
2019-10-06 21:16:35,138 - app - ERROR - Page not found: /favicon.ico
2019-10-06 21:16:35,640 - app - ERROR - Page not found: /favicon.ico
2019-10-06 21:17:24,836 - app - ERROR - Page not found: /favicon.ico
2019-10-06 21:17:25,531 - app - ERROR - Page not found: /favicon.ico
2019-10-06 21:17:26,318 - app - ERROR - Page not found: /favicon.ico
2019-10-06 21:26:06,759 - app - ERROR - Page not found: /favicon.ico
2019-10-06 21:26:24,551 - app - ERROR - Page not found: /favicon.ico
2019-10-06 21:26:25,254 - app - ERROR - Page not found: /favicon.ico
2019-10-06 21:34:09,065 - app - ERROR - Page not found: /favicon.ico
2019-10-06 21:34:09,756 - app - ERROR - Page not found: /favicon.ico
2019-10-06 21:39:58,733 - app - INFO - Locating template "client/books.html":
    1: trying loader of application "app"
       class: jinja2.loaders.FileSystemLoader
       encoding: 'utf-8'
       followlinks: False
       searchpath:
         - C:\Users\amala\Projects\Sporty\app\templates
       -> found ('C:\\Users\\amala\\Projects\\Sporty\\app\\templates\\client\\books.html')
    2: trying loader of blueprint "client" (app.routes.client.controllers)
       class: jinja2.loaders.FileSystemLoader
       encoding: 'utf-8'
       followlinks: False
       searchpath:
         - C:\Users\amala\Projects\Sporty\app\routes\client\templates/client
       -> no match
2019-10-06 21:39:58,763 - app - INFO - Locating template "layout.html":
    1: trying loader of application "app"
       class: jinja2.loaders.FileSystemLoader
       encoding: 'utf-8'
       followlinks: False
       searchpath:
         - C:\Users\amala\Projects\Sporty\app\templates
       -> found ('C:\\Users\\amala\\Projects\\Sporty\\app\\templates\\layout.html')
    2: trying loader of blueprint "client" (app.routes.client.controllers)
       class: jinja2.loaders.FileSystemLoader
       encoding: 'utf-8'
       followlinks: False
       searchpath:
         - C:\Users\amala\Projects\Sporty\app\routes\client\templates/client
       -> no match
2019-10-06 21:40:07,140 - app - ERROR - Page not found: /favicon.ico
2019-10-06 21:40:07,144 - app - INFO - Locating template "404.html":
    1: trying loader of application "app"
       class: jinja2.loaders.FileSystemLoader
       encoding: 'utf-8'
       followlinks: False
       searchpath:
         - C:\Users\amala\Projects\Sporty\app\templates
       -> found ('C:\\Users\\amala\\Projects\\Sporty\\app\\templates\\404.html')
    2: trying loader of blueprint "client" (app.routes.client.controllers)
       class: jinja2.loaders.FileSystemLoader
       encoding: 'utf-8'
       followlinks: False
       searchpath:
         - C:\Users\amala\Projects\Sporty\app\routes\client\templates/client
       -> no match
2019-10-06 21:40:07,625 - app - ERROR - Page not found: /favicon.ico
2019-10-06 21:40:08,318 - app - ERROR - Page not found: /favicon.ico
2019-10-06 21:40:08,955 - app - ERROR - Page not found: /favicon.ico
2019-10-06 21:40:09,218 - app - ERROR - Page not found: /favicon.ico
2019-10-06 21:40:09,556 - app - ERROR - Page not found: /favicon.ico
2019-10-06 21:40:57,617 - app - ERROR - Page not found: /favicon.ico
2019-10-06 21:40:58,320 - app - ERROR - Page not found: /favicon.ico
2019-10-06 21:41:06,158 - app - ERROR - Page not found: /favicon.ico
2019-10-06 21:41:06,554 - app - ERROR - Page not found: /favicon.ico
2019-10-06 22:04:20,356 - app - ERROR - Page not found: /favicon.ico
2019-10-06 22:04:34,961 - app - ERROR - Page not found: /favicon.ico
2019-10-06 22:13:55,078 - app - ERROR - Unhandled Exception: index.html
2019-10-06 22:18:01,442 - app - ERROR - Page not found: /admin
